{"C:\\Users\\lucas_pereira\\Desktop\\projetos\\node\\integracao-continua\\src\\soma.ts": {"path":"C:\\Users\\lucas_pereira\\Desktop\\projetos\\node\\integracao-continua\\src\\soma.ts","statementMap":{"0":{"start":{"line":2,"column":13},"end":{"line":4,"column":1}},"1":{"start":{"line":3,"column":2},"end":{"line":3,"column":27}},"2":{"start":{"line":28,"column":9},"end":{"line":28,"column":13}},"3":{"start":{"line":6,"column":13},"end":{"line":8,"column":1}},"4":{"start":{"line":7,"column":2},"end":{"line":7,"column":15}},"5":{"start":{"line":28,"column":15},"end":{"line":28,"column":19}},"6":{"start":{"line":10,"column":16},"end":{"line":12,"column":1}},"7":{"start":{"line":11,"column":2},"end":{"line":11,"column":15}},"8":{"start":{"line":28,"column":21},"end":{"line":28,"column":28}},"9":{"start":{"line":14,"column":15},"end":{"line":16,"column":1}},"10":{"start":{"line":15,"column":2},"end":{"line":15,"column":15}},"11":{"start":{"line":28,"column":30},"end":{"line":28,"column":36}},"12":{"start":{"line":18,"column":19},"end":{"line":20,"column":1}},"13":{"start":{"line":19,"column":2},"end":{"line":19,"column":15}},"14":{"start":{"line":28,"column":38},"end":{"line":28,"column":48}},"15":{"start":{"line":22,"column":14},"end":{"line":24,"column":1}},"16":{"start":{"line":23,"column":2},"end":{"line":23,"column":15}},"17":{"start":{"line":28,"column":50},"end":{"line":28,"column":55}},"18":{"start":{"line":26,"column":0},"end":{"line":26,"column":7}}},"fnMap":{"0":{"name":"(anonymous_0)","decl":{"start":{"line":2,"column":13},"end":{"line":2,"column":15}},"loc":{"start":{"line":2,"column":17},"end":{"line":4,"column":1}}},"1":{"name":"(anonymous_1)","decl":{"start":{"line":6,"column":13},"end":{"line":6,"column":14}},"loc":{"start":{"line":6,"column":38},"end":{"line":8,"column":1}}},"2":{"name":"(anonymous_2)","decl":{"start":{"line":10,"column":16},"end":{"line":10,"column":17}},"loc":{"start":{"line":10,"column":41},"end":{"line":12,"column":1}}},"3":{"name":"(anonymous_3)","decl":{"start":{"line":14,"column":15},"end":{"line":14,"column":16}},"loc":{"start":{"line":14,"column":40},"end":{"line":16,"column":1}}},"4":{"name":"(anonymous_4)","decl":{"start":{"line":18,"column":19},"end":{"line":18,"column":20}},"loc":{"start":{"line":18,"column":44},"end":{"line":20,"column":1}}},"5":{"name":"(anonymous_5)","decl":{"start":{"line":22,"column":14},"end":{"line":22,"column":15}},"loc":{"start":{"line":22,"column":39},"end":{"line":24,"column":1}}}},"branchMap":{},"s":{"0":1,"1":1,"2":1,"3":1,"4":2,"5":1,"6":1,"7":1,"8":1,"9":1,"10":1,"11":1,"12":1,"13":1,"14":1,"15":1,"16":1,"17":1,"18":1},"f":{"0":1,"1":2,"2":1,"3":1,"4":1,"5":1},"b":{}}
}
